# JRE version: OpenJDK Runtime Environment Temurin-21.0.5+11 (21.0.5+11) (build 21.0.5+11-LTS)
# Java VM: OpenJDK 64-Bit Server VM Temurin-21.0.5+11 (21.0.5+11-LTS, mixed mode, emulated-client, sharing, tiered, compressed oops, compressed class ptrs, g1 gc, windows-amd64)
GC Precious Log:
 CardTable entry size: 512
 Card Set container configuration: InlinePtr #cards 4 size 8 Array Of Cards #cards 16 size 48 Howl #buckets 8 coarsen threshold 3686 Howl Bitmap #cards 512 size 80 coarsen threshold 460 Card regions per heap region 1 cards per card region 4096
 CPUs: 12 total, 12 available
 Memory: 15773M
 Large Page Support: Disabled
 NUMA Support: Disabled
 Compressed Oops: Enabled (Zero based)
 Heap Region Size: 2M
 Heap Min Capacity: 8M
 Heap Initial Capacity: 248M
 Heap Max Capacity: 3944M
 Pre-touch: Disabled
 Parallel Workers: 10
 Concurrent Workers: 3
 Concurrent Refinement Workers: 10
 Periodic GC: Disabled
Heap:
 garbage-first heap   total 61440K, used 50467K [0x0000000709800000, 0x0000000800000000)
  region size 2048K, 18 young (36864K), 2 survivors (4096K)
 Metaspace       used 44304K, committed 45056K, reserved 1114112K
  class space    used 5976K, committed 6336K, reserved 1048576K
GC Heap History (20 events):
Event: 1.686 GC heap after
{Heap after GC invocations=7 (full 0):
 garbage-first heap   total 151552K, used 11771K [0x0000000709800000, 0x0000000800000000)
  region size 2048K, 2 young (4096K), 2 survivors (4096K)
 Metaspace       used 22259K, committed 22656K, reserved 1114112K
  class space    used 2859K, committed 3072K, reserved 1048576K
}
Event: 2.211 GC heap before
{Heap before GC invocations=7 (full 0):
 garbage-first heap   total 151552K, used 89595K [0x0000000709800000, 0x0000000800000000)
  region size 2048K, 42 young (86016K), 2 survivors (4096K)
 Metaspace       used 28760K, committed 29248K, reserved 1114112K
  class space    used 3779K, committed 4032K, reserved 1048576K
}
Event: 2.215 GC heap after
{Heap after GC invocations=8 (full 0):
 garbage-first heap   total 151552K, used 15163K [0x0000000709800000, 0x0000000800000000)
  region size 2048K, 4 young (8192K), 4 survivors (8192K)
 Metaspace       used 28760K, committed 29248K, reserved 1114112K
  class space    used 3779K, committed 4032K, reserved 1048576K
}
Event: 2.458 GC heap before
{Heap before GC invocations=9 (full 0):
 garbage-first heap   total 61440K, used 58171K [0x0000000709800000, 0x0000000800000000)
  region size 2048K, 25 young (51200K), 4 survivors (8192K)
 Metaspace       used 32529K, committed 33088K, reserved 1114112K
  class space    used 4284K, committed 4544K, reserved 1048576K
}
Event: 2.461 GC heap after
{Heap after GC invocations=10 (full 0):
 garbage-first heap   total 69632K, used 16557K [0x0000000709800000, 0x0000000800000000)
  region size 2048K, 4 young (8192K), 4 survivors (8192K)
 Metaspace       used 32529K, committed 33088K, reserved 1114112K
  class space    used 4284K, committed 4544K, reserved 1048576K
}
Event: 2.632 GC heap before
{Heap before GC invocations=10 (full 0):
 garbage-first heap   total 69632K, used 49325K [0x0000000709800000, 0x0000000800000000)
  region size 2048K, 20 young (40960K), 4 survivors (8192K)
 Metaspace       used 35480K, committed 36032K, reserved 1114112K
  class space    used 4761K, committed 4992K, reserved 1048576K
}
Event: 2.636 GC heap after
{Heap after GC invocations=11 (full 0):
 garbage-first heap   total 69632K, used 17933K [0x0000000709800000, 0x0000000800000000)
  region size 2048K, 2 young (4096K), 2 survivors (4096K)
 Metaspace       used 35480K, committed 36032K, reserved 1114112K
  class space    used 4761K, committed 4992K, reserved 1048576K
}
Event: 2.875 GC heap before
{Heap before GC invocations=11 (full 0):
 garbage-first heap   total 69632K, used 54797K [0x0000000709800000, 0x0000000800000000)
  region size 2048K, 20 young (40960K), 2 survivors (4096K)
 Metaspace       used 38495K, committed 39104K, reserved 1114112K
  class space    used 5209K, committed 5504K, reserved 1048576K
}
Event: 2.877 GC heap after
{Heap after GC invocations=12 (full 0):
 garbage-first heap   total 83968K, used 19734K [0x0000000709800000, 0x0000000800000000)
  region size 2048K, 3 young (6144K), 3 survivors (6144K)
 Metaspace       used 38495K, committed 39104K, reserved 1114112K
  class space    used 5209K, committed 5504K, reserved 1048576K
}
Event: 9.948 GC heap before
{Heap before GC invocations=12 (full 0):
 garbage-first heap   total 83968K, used 60694K [0x0000000709800000, 0x0000000800000000)
  region size 2048K, 24 young (49152K), 3 survivors (6144K)
 Metaspace       used 42614K, committed 43264K, reserved 1114112K
  class space    used 5761K, committed 6016K, reserved 1048576K
}
Event: 9.951 GC heap after
{Heap after GC invocations=13 (full 0):
 garbage-first heap   total 83968K, used 20932K [0x0000000709800000, 0x0000000800000000)
  region size 2048K, 2 young (4096K), 2 survivors (4096K)
 Metaspace       used 42614K, committed 43264K, reserved 1114112K
  class space    used 5761K, committed 6016K, reserved 1048576K
}
Event: 1241.009 GC heap before
{Heap before GC invocations=13 (full 0):
 garbage-first heap   total 83968K, used 63940K [0x0000000709800000, 0x0000000800000000)
  region size 2048K, 24 young (49152K), 2 survivors (4096K)
 Metaspace       used 44173K, committed 44864K, reserved 1114112K
  class space    used 5983K, committed 6336K, reserved 1048576K
}
Event: 1241.012 GC heap after
{Heap after GC invocations=14 (full 0):
 garbage-first heap   total 83968K, used 21679K [0x0000000709800000, 0x0000000800000000)
  region size 2048K, 2 young (4096K), 2 survivors (4096K)
 Metaspace       used 44173K, committed 44864K, reserved 1114112K
  class space    used 5983K, committed 6336K, reserved 1048576K
}
Event: 2172.560 GC heap before
{Heap before GC invocations=14 (full 0):
 garbage-first heap   total 83968K, used 44207K [0x0000000709800000, 0x0000000800000000)
  region size 2048K, 14 young (28672K), 2 survivors (4096K)
 Metaspace       used 44314K, committed 44992K, reserved 1114112K
  class space    used 6012K, committed 6336K, reserved 1048576K
}
Event: 2172.586 GC heap after
{Heap after GC invocations=15 (full 1):
 garbage-first heap   total 61440K, used 15799K [0x0000000709800000, 0x0000000800000000)
  region size 2048K, 0 young (0K), 0 survivors (0K)
 Metaspace       used 43999K, committed 44992K, reserved 1114112K
  class space    used 5932K, committed 6336K, reserved 1048576K
}
Event: 2173.611 GC heap before
{Heap before GC invocations=15 (full 1):
 garbage-first heap   total 61440K, used 52663K [0x0000000709800000, 0x0000000800000000)
  region size 2048K, 18 young (36864K), 0 survivors (0K)
 Metaspace       used 44249K, committed 44992K, reserved 1114112K
  class space    used 5984K, committed 6336K, reserved 1048576K
}
Event: 2173.614 GC heap after
{Heap after GC invocations=16 (full 1):
 garbage-first heap   total 61440K, used 21260K [0x0000000709800000, 0x0000000800000000)
  region size 2048K, 3 young (6144K), 3 survivors (6144K)
 Metaspace       used 44249K, committed 44992K, reserved 1114112K
  class space    used 5984K, committed 6336K, reserved 1048576K
}
Event: 2432.103 GC heap before
{Heap before GC invocations=16 (full 1):
 garbage-first heap   total 61440K, used 29452K [0x0000000709800000, 0x0000000800000000)
  region size 2048K, 9 young (18432K), 3 survivors (6144K)
 Metaspace       used 44302K, committed 44992K, reserved 1114112K
  class space    used 5991K, committed 6336K, reserved 1048576K
}
Event: 2432.136 GC heap after
{Heap after GC invocations=17 (full 2):
 garbage-first heap   total 61440K, used 17699K [0x0000000709800000, 0x0000000800000000)
  region size 2048K, 0 young (0K), 0 survivors (0K)
 Metaspace       used 44199K, committed 44992K, reserved 1114112K
  class space    used 5965K, committed 6336K, reserved 1048576K
}
Event: 3233.169 GC heap before
{Heap before GC invocations=17 (full 2):
 garbage-first heap   total 61440K, used 48419K [0x0000000709800000, 0x0000000800000000)
  region size 2048K, 16 young (32768K), 0 survivors (0K)
 Metaspace       used 44304K, committed 45056K, reserved 1114112K
  class space    used 5976K, committed 6336K, reserved 1048576K
}

